47.61292
{'-a': -0.0074535096, '-b': -0.78004822, '-c': -0.5844797, '-d': -0.00028196877, '-e': 0.014913584, '-f': 0.0041539672, '-g': 0.07685726}
------------------------------------------------------------
Baseline Hyperparameters:
------------------------------------------------------------
-a:  "1.0",
-b:  "-1.0",
-c:  "1.0",
-d:  "-1.0",
-e:  "1.0",
-f:  "-1.0",
-g:  "1.0",
------------------------------------------------------------
Random Search with 129 Iterations:
------------------------------------------------------------
-a:(-1, 1)
-b:(-1, 1)
-c:(-1, 1)
-d:(-1, 1)
-e:(-1, 1)
-f:(-1, 1)
-g:(-1, 1)
------------------------------------------------------------
Starting Search:
------------------------------------------------------------
fomFirst: 14186.4
------------------------------------------------------------
Best:  point85             fom: 4.7613e+01  (3e+02x)
-a:  -0.0074535096,
-b:  -0.78004822,
-c:  -0.5844797,
-d:  -0.00028196877,
-e:  0.014913584,
-f:  0.0041539672,
-g:  0.07685726,
------------------------------------------------------------
