------------------------------------------------------------
Optimizer Settings:
------------------------------------------------------------
generations:        13
num_demes:          1
pop_size:           10
verbose:            true
mutation_rate:      0.9
crossover_rate:     0.33
migration_interval: 5
------------------------------------------------------------
Evaluator Settings:
------------------------------------------------------------
run_path:           "run"
fom:                "FoM: "
launcher:           local
Warning: overwriting existing log file: genetic.log
------------------------------------------------------------
Adding 10 individuals to each deme with genotype:
-a:  1,
-b:  -1,
-c:  1,
-d:  -1,
-e:  1,
-f:  -1,
-g:  1,
Adding mutants to first generation.
------------------------------------------------------------
Generation: 0
------------------------------------------------------------
Evaluating 10 genotypes.
Generation 0: 1/10 evaluations completed
Generation 0: 2/10 evaluations completed
Generation 0: 3/10 evaluations completed
Generation 0: 4/10 evaluations completed
Generation 0: 5/10 evaluations completed
Generation 0: 6/10 evaluations completed
Generation 0: 7/10 evaluations completed
Generation 0: 8/10 evaluations completed
Generation 0: 9/10 evaluations completed
Generation 0: 10/10 evaluations completed
------------------------------------------------------------
Global Best: deme1_ind9        1.341319e+04 (1.1x) [1.414e+04 avg]
Best hyperparameters:
-a:  0.99776378
-b:  -1
-c:  1
-d:  -0.90766364
-e:  0.9939633
-f:  -0.88644436
-g:  1
------------------------------------------------------------
deme1     size: 10    fom: 1.414e+04 (avg)
  deme1_ind9          fom: 1.341e+04 (local best)
-a=0.99776378 -b=-1 -c=1 -d=-0.90766364 -e=0.9939633 -f=-0.88644436 -g=1
------------------------------------------------------------
Timings:
Setup:           2.740e-03 s
Reading checkpoint: 7.000e-07 s
Evaluation:      4.559e-01 s
Writing checkpoint: 2.200e-06 s
Cleanup:         1.000e-07 s
------------------------------------------------------------
Logging deme1 results: "Deme1_genetic.log"
Logging global results: "genetic.log"
Migrating individuals across demes.
Migrating deme1_ind9 to deme1
------------------------------------------------------------
Generation: 1
------------------------------------------------------------
Evaluating 10 genotypes.
Generation 1: 1/10 evaluations completed
Generation 1: 2/10 evaluations completed
Generation 1: 3/10 evaluations completed
Generation 1: 4/10 evaluations completed
Generation 1: 5/10 evaluations completed
Generation 1: 6/10 evaluations completed
Generation 1: 7/10 evaluations completed
Generation 1: 8/10 evaluations completed
Generation 1: 9/10 evaluations completed
Generation 1: 10/10 evaluations completed
------------------------------------------------------------
Global Best: deme1_ind16       1.082925e+04 (1.3x) [1.314e+04 avg]
Best hyperparameters:
-a:  0.83799557
-b:  -0.91119517
-c:  1
-d:  -0.92303407
-e:  1
-f:  -1
-g:  0.84205527
------------------------------------------------------------
deme1     size: 10    fom: 1.314e+04 (avg)
  deme1_ind16         fom: 1.083e+04 (local best)
-a=0.83799557 -b=-0.91119517 -c=1 -d=-0.92303407 -e=1 -f=-1 -g=0.84205527
------------------------------------------------------------
Timings:
Setup:           2.755e-03 s
Reading checkpoint: 9.000e-07 s
Evaluation:      4.827e-01 s
Writing checkpoint: 1.900e-06 s
Cleanup:         2.000e-07 s
------------------------------------------------------------
Logging deme1 results: "Deme1_genetic.log"
Logging global results: "genetic.log"
------------------------------------------------------------
Generation: 2
------------------------------------------------------------
Evaluating 10 genotypes.
Generation 2: 1/10 evaluations completed
Generation 2: 2/10 evaluations completed
Generation 2: 3/10 evaluations completed
Generation 2: 4/10 evaluations completed
Generation 2: 5/10 evaluations completed
Generation 2: 6/10 evaluations completed
Generation 2: 7/10 evaluations completed
Generation 2: 8/10 evaluations completed
Generation 2: 9/10 evaluations completed
Generation 2: 10/10 evaluations completed
------------------------------------------------------------
Global Best: deme1_ind23       1.025801e+04 (1.4x) [1.196e+04 avg]
Best hyperparameters:
-a:  1
-b:  -0.88453838
-c:  0.99165825
-d:  -0.92536761
-e:  1
-f:  -0.86116272
-g:  0.84205527
------------------------------------------------------------
deme1     size: 10    fom: 1.196e+04 (avg)
  deme1_ind23         fom: 1.026e+04 (local best)
-a=1 -b=-0.88453838 -c=0.99165825 -d=-0.92536761 -e=1 -f=-0.86116272 -g=0.84205527
------------------------------------------------------------
Timings:
Setup:           2.746e-03 s
Reading checkpoint: 9.000e-07 s
Evaluation:      7.253e-01 s
Writing checkpoint: 2.000e-06 s
Cleanup:         2.000e-07 s
------------------------------------------------------------
Logging deme1 results: "Deme1_genetic.log"
Logging global results: "genetic.log"
------------------------------------------------------------
Generation: 3
------------------------------------------------------------
Evaluating 10 genotypes.
Generation 3: 1/10 evaluations completed
Generation 3: 2/10 evaluations completed
Generation 3: 3/10 evaluations completed
Generation 3: 4/10 evaluations completed
Generation 3: 5/10 evaluations completed
Generation 3: 6/10 evaluations completed
Generation 3: 7/10 evaluations completed
Generation 3: 8/10 evaluations completed
Generation 3: 9/10 evaluations completed
Generation 3: 10/10 evaluations completed
------------------------------------------------------------
Global Best: deme1_ind32       8.989368e+03 (1.6x) [1.103e+04 avg]
Best hyperparameters:
-a:  0.82964022
-b:  -0.79553607
-c:  1
-d:  -1
-e:  0.96117368
-f:  -1
-g:  0.74313058
------------------------------------------------------------
deme1     size: 10    fom: 1.103e+04 (avg)
  deme1_ind32         fom: 8.989e+03 (local best)
-a=0.82964022 -b=-0.79553607 -c=1 -d=-1 -e=0.96117368 -f=-1 -g=0.74313058
------------------------------------------------------------
Timings:
Setup:           2.746e-03 s
Reading checkpoint: 1.400e-06 s
Evaluation:      5.752e-01 s
Writing checkpoint: 2.200e-06 s
Cleanup:         0.000e+00 s
------------------------------------------------------------
Logging deme1 results: "Deme1_genetic.log"
Logging global results: "genetic.log"
------------------------------------------------------------
Generation: 4
------------------------------------------------------------
Evaluating 10 genotypes.
Generation 4: 1/10 evaluations completed
Generation 4: 2/10 evaluations completed
Generation 4: 3/10 evaluations completed
Generation 4: 4/10 evaluations completed
Generation 4: 5/10 evaluations completed
Generation 4: 6/10 evaluations completed
Generation 4: 7/10 evaluations completed
Generation 4: 8/10 evaluations completed
Generation 4: 9/10 evaluations completed
Generation 4: 10/10 evaluations completed
------------------------------------------------------------
Global Best: deme1_ind50       7.228740e+03 (2x) [9.407e+03 avg]
Best hyperparameters:
-a:  0.85388454
-b:  -0.85113908
-c:  0.86363183
-d:  -0.97305262
-e:  0.88777286
-f:  -0.95899739
-g:  0.65033172
------------------------------------------------------------
deme1     size: 10    fom: 9.407e+03 (avg)
  deme1_ind50         fom: 7.229e+03 (local best)
-a=0.85388454 -b=-0.85113908 -c=0.86363183 -d=-0.97305262 -e=0.88777286 -f=-0.95899739 -g=0.65033172
------------------------------------------------------------
Timings:
Setup:           2.731e-03 s
Reading checkpoint: 1.000e-06 s
Evaluation:      4.457e-01 s
Writing checkpoint: 2.000e-06 s
Cleanup:         1.000e-07 s
------------------------------------------------------------
Logging deme1 results: "Deme1_genetic.log"
Logging global results: "genetic.log"
------------------------------------------------------------
Generation: 5
------------------------------------------------------------
Evaluating 10 genotypes.
Generation 5: 1/10 evaluations completed
Generation 5: 2/10 evaluations completed
Generation 5: 3/10 evaluations completed
Generation 5: 4/10 evaluations completed
Generation 5: 5/10 evaluations completed
Generation 5: 6/10 evaluations completed
Generation 5: 7/10 evaluations completed
Generation 5: 8/10 evaluations completed
Generation 5: 9/10 evaluations completed
Generation 5: 10/10 evaluations completed
------------------------------------------------------------
Global Best: deme1_ind51       5.464852e+03 (2.7x) [7.328e+03 avg]
Best hyperparameters:
-a:  0.79469586
-b:  -1
-c:  0.90107568
-d:  -0.91551729
-e:  0.83364471
-f:  -1
-g:  0.51096221
------------------------------------------------------------
deme1     size: 10    fom: 7.328e+03 (avg)
  deme1_ind51         fom: 5.465e+03 (local best)
-a=0.79469586 -b=-1 -c=0.90107568 -d=-0.91551729 -e=0.83364471 -f=-1 -g=0.51096221
------------------------------------------------------------
Timings:
Setup:           2.771e-03 s
Reading checkpoint: 1.000e-06 s
Evaluation:      4.449e-01 s
Writing checkpoint: 1.900e-06 s
Cleanup:         1.000e-07 s
------------------------------------------------------------
Logging deme1 results: "Deme1_genetic.log"
Logging global results: "genetic.log"
Migrating individuals across demes.
Migrating deme1_ind51 to deme1
------------------------------------------------------------
Generation: 6
------------------------------------------------------------
Evaluating 10 genotypes.
Generation 6: 1/10 evaluations completed
Generation 6: 2/10 evaluations completed
Generation 6: 3/10 evaluations completed
Generation 6: 4/10 evaluations completed
Generation 6: 5/10 evaluations completed
Generation 6: 6/10 evaluations completed
Generation 6: 7/10 evaluations completed
Generation 6: 8/10 evaluations completed
Generation 6: 9/10 evaluations completed
Generation 6: 10/10 evaluations completed
------------------------------------------------------------
Global Best: deme1_ind63       4.373028e+03 (3.3x) [6.487e+03 avg]
Best hyperparameters:
-a:  0.92824278
-b:  -1
-c:  0.76946916
-d:  -0.739007
-e:  0.83177148
-f:  -0.74999875
-g:  0.48263319
------------------------------------------------------------
deme1     size: 10    fom: 6.487e+03 (avg)
  deme1_ind63         fom: 4.373e+03 (local best)
-a=0.92824278 -b=-1 -c=0.76946916 -d=-0.739007 -e=0.83177148 -f=-0.74999875 -g=0.48263319
------------------------------------------------------------
Timings:
Setup:           2.765e-03 s
Reading checkpoint: 1.000e-06 s
Evaluation:      4.417e-01 s
Writing checkpoint: 2.100e-06 s
Cleanup:         1.000e-07 s
------------------------------------------------------------
Logging deme1 results: "Deme1_genetic.log"
Logging global results: "genetic.log"
------------------------------------------------------------
Generation: 7
------------------------------------------------------------
Evaluating 10 genotypes.
Generation 7: 1/10 evaluations completed
Generation 7: 2/10 evaluations completed
Generation 7: 3/10 evaluations completed
Generation 7: 4/10 evaluations completed
Generation 7: 5/10 evaluations completed
Generation 7: 6/10 evaluations completed
Generation 7: 7/10 evaluations completed
Generation 7: 8/10 evaluations completed
Generation 7: 9/10 evaluations completed
Generation 7: 10/10 evaluations completed
------------------------------------------------------------
Global Best: deme1_ind73       3.339487e+03 (4.4x) [4.777e+03 avg]
Best hyperparameters:
-a:  1
-b:  -0.95882309
-c:  0.92539025
-d:  -0.739007
-e:  0.72598804
-f:  -0.75289471
-g:  0.39622662
------------------------------------------------------------
deme1     size: 10    fom: 4.777e+03 (avg)
  deme1_ind73         fom: 3.339e+03 (local best)
-a=1 -b=-0.95882309 -c=0.92539025 -d=-0.739007 -e=0.72598804 -f=-0.75289471 -g=0.39622662
------------------------------------------------------------
Timings:
Setup:           2.710e-03 s
Reading checkpoint: 8.000e-07 s
Evaluation:      4.420e-01 s
Writing checkpoint: 2.200e-06 s
Cleanup:         0.000e+00 s
------------------------------------------------------------
Logging deme1 results: "Deme1_genetic.log"
Logging global results: "genetic.log"
------------------------------------------------------------
Generation: 8
------------------------------------------------------------
Evaluating 10 genotypes.
Generation 8: 1/10 evaluations completed
Generation 8: 2/10 evaluations completed
Generation 8: 3/10 evaluations completed
Generation 8: 4/10 evaluations completed
Generation 8: 5/10 evaluations completed
Generation 8: 6/10 evaluations completed
Generation 8: 7/10 evaluations completed
Generation 8: 8/10 evaluations completed
Generation 8: 9/10 evaluations completed
Generation 8: 10/10 evaluations completed
------------------------------------------------------------
Global Best: deme1_ind84       3.028281e+03 (4.8x) [4.208e+03 avg]
Best hyperparameters:
-a:  0.66129895
-b:  -0.82847478
-c:  0.84150127
-d:  -0.91438633
-e:  0.73735573
-f:  -0.67031382
-g:  0.37153286
------------------------------------------------------------
deme1     size: 10    fom: 4.208e+03 (avg)
  deme1_ind84         fom: 3.028e+03 (local best)
-a=0.66129895 -b=-0.82847478 -c=0.84150127 -d=-0.91438633 -e=0.73735573 -f=-0.67031382 -g=0.37153286
------------------------------------------------------------
Timings:
Setup:           2.700e-03 s
Reading checkpoint: 1.000e-06 s
Evaluation:      4.427e-01 s
Writing checkpoint: 2.000e-06 s
Cleanup:         1.000e-07 s
------------------------------------------------------------
Logging deme1 results: "Deme1_genetic.log"
Logging global results: "genetic.log"
------------------------------------------------------------
Generation: 9
------------------------------------------------------------
Evaluating 10 genotypes.
Generation 9: 1/10 evaluations completed
Generation 9: 2/10 evaluations completed
Generation 9: 3/10 evaluations completed
Generation 9: 4/10 evaluations completed
Generation 9: 5/10 evaluations completed
Generation 9: 6/10 evaluations completed
Generation 9: 7/10 evaluations completed
Generation 9: 8/10 evaluations completed
Generation 9: 9/10 evaluations completed
Generation 9: 10/10 evaluations completed
------------------------------------------------------------
Global Best: deme1_ind92       2.447685e+03 (6x) [3.390e+03 avg]
Best hyperparameters:
-a:  0.74588199
-b:  -0.99146308
-c:  0.84746841
-d:  -0.92216931
-e:  0.84171456
-f:  -0.67031382
-g:  0.29526207
------------------------------------------------------------
deme1     size: 10    fom: 3.390e+03 (avg)
  deme1_ind92         fom: 2.448e+03 (local best)
-a=0.74588199 -b=-0.99146308 -c=0.84746841 -d=-0.92216931 -e=0.84171456 -f=-0.67031382 -g=0.29526207
------------------------------------------------------------
Timings:
Setup:           2.738e-03 s
Reading checkpoint: 1.000e-06 s
Evaluation:      4.449e-01 s
Writing checkpoint: 2.200e-06 s
Cleanup:         0.000e+00 s
------------------------------------------------------------
Logging deme1 results: "Deme1_genetic.log"
Logging global results: "genetic.log"
------------------------------------------------------------
Generation: 10
------------------------------------------------------------
Evaluating 10 genotypes.
Generation 10: 1/10 evaluations completed
Generation 10: 2/10 evaluations completed
Generation 10: 3/10 evaluations completed
Generation 10: 4/10 evaluations completed
Generation 10: 5/10 evaluations completed
Generation 10: 6/10 evaluations completed
Generation 10: 7/10 evaluations completed
Generation 10: 8/10 evaluations completed
Generation 10: 9/10 evaluations completed
Generation 10: 10/10 evaluations completed
------------------------------------------------------------
Global Best: deme1_ind108      2.380012e+03 (6.1x) [3.037e+03 avg]
Best hyperparameters:
-a:  1
-b:  -0.9422307
-c:  0.61173754
-d:  -0.92256054
-e:  0.82376069
-f:  -0.59848258
-g:  0.30472243
------------------------------------------------------------
deme1     size: 10    fom: 3.037e+03 (avg)
  deme1_ind108        fom: 2.380e+03 (local best)
-a=1 -b=-0.9422307 -c=0.61173754 -d=-0.92256054 -e=0.82376069 -f=-0.59848258 -g=0.30472243
------------------------------------------------------------
Timings:
Setup:           2.711e-03 s
Reading checkpoin/global/cscratch1/sd/bja/sc19-dl-tutorial/hpo/sin/source
597.7443
{'-a': 0.69540796, '-b': -0.8145451, '-c': 0.71544262, '-d': -0.94221679, '-e': 0.54342216, '-f': -0.50670459, '-g': 0.023590586}
t: 1.000e-06 s
Evaluation:      4.437e-01 s
Writing checkpoint: 1.800e-06 s
Cleanup:         0.000e+00 s
------------------------------------------------------------
Logging deme1 results: "Deme1_genetic.log"
Logging global results: "genetic.log"
Migrating individuals across demes.
Migrating deme1_ind108 to deme1
------------------------------------------------------------
Generation: 11
------------------------------------------------------------
Evaluating 10 genotypes.
Generation 11: 1/10 evaluations completed
Generation 11: 2/10 evaluations completed
Generation 11: 3/10 evaluations completed
Generation 11: 4/10 evaluations completed
Generation 11: 5/10 evaluations completed
Generation 11: 6/10 evaluations completed
Generation 11: 7/10 evaluations completed
Generation 11: 8/10 evaluations completed
Generation 11: 9/10 evaluations completed
Generation 11: 10/10 evaluations completed
------------------------------------------------------------
Global Best: deme1_ind117      1.148292e+03 (13x) [2.598e+03 avg]
Best hyperparameters:
-a:  0.8025413
-b:  -0.8145451
-c:  0.86724208
-d:  -0.91358901
-e:  0.5640884
-f:  -0.51810975
-g:  0.15993373
------------------------------------------------------------
deme1     size: 10    fom: 2.598e+03 (avg)
  deme1_ind117        fom: 1.148e+03 (local best)
-a=0.8025413 -b=-0.8145451 -c=0.86724208 -d=-0.91358901 -e=0.5640884 -f=-0.51810975 -g=0.15993373
------------------------------------------------------------
Timings:
Setup:           2.758e-03 s
Reading checkpoint: 8.000e-07 s
Evaluation:      4.510e-01 s
Writing checkpoint: 2.200e-06 s
Cleanup:         1.000e-07 s
------------------------------------------------------------
Logging deme1 results: "Deme1_genetic.log"
Logging global results: "genetic.log"
------------------------------------------------------------
Generation: 12
------------------------------------------------------------
Evaluating 10 genotypes.
Generation 12: 1/10 evaluations completed
Generation 12: 2/10 evaluations completed
Generation 12: 3/10 evaluations completed
Generation 12: 4/10 evaluations completed
Generation 12: 5/10 evaluations completed
Generation 12: 6/10 evaluations completed
Generation 12: 7/10 evaluations completed
Generation 12: 8/10 evaluations completed
Generation 12: 9/10 evaluations completed
Generation 12: 10/10 evaluations completed
------------------------------------------------------------
Global Best: deme1_ind124      5.977443e+02 (24x) [1.277e+03 avg]
Best hyperparameters:
-a:  0.69540796
-b:  -0.8145451
-c:  0.71544262
-d:  -0.94221679
-e:  0.54342216
-f:  -0.50670459
-g:  0.023590586
------------------------------------------------------------
deme1     size: 10    fom: 1.277e+03 (avg)
  deme1_ind124        fom: 5.977e+02 (local best)
-a=0.69540796 -b=-0.8145451 -c=0.71544262 -d=-0.94221679 -e=0.54342216 -f=-0.50670459 -g=0.023590586
------------------------------------------------------------
Timings:
Setup:           2.759e-03 s
Reading checkpoint: 1.000e-06 s
Evaluation:      4.480e-01 s
Writing checkpoint: 2.100e-06 s
Cleanup:         0.000e+00 s
------------------------------------------------------------
Logging deme1 results: "Deme1_genetic.log"
Logging global results: "genetic.log"
------------------------------------------------------------
Best:  deme1_ind124        fom: 5.977443e+02  (24.4225x)
-a=0.69540796 -b=-0.8145451 -c=0.71544262 -d=-0.94221679 -e=0.54342216 -f=-0.50670459 -g=0.023590586
------------------------------------------------------------
