6948.889
{'-a': -1, '-b': -1, '-c': -1, '-d': -1, '-e': -1, '-f': 1, '-g': 1}
------------------------------------------------------------
Baseline Hyperparameters:
------------------------------------------------------------
-a:  "1.0",
-b:  "-1.0",
-c:  "1.0",
-d:  "-1.0",
-e:  "1.0",
-f:  "-1.0",
-g:  "1.0",
------------------------------------------------------------
Grid Search with 128 Points:
------------------------------------------------------------
-a:-1.0 1.0
-b:-1.0 1.0
-c:-1.0 1.0
-d:-1.0 1.0
-e:-1.0 1.0
-f:-1.0 1.0
-g:-1.0 1.0
------------------------------------------------------------
Starting Search:
------------------------------------------------------------
Computing 129 grid points in batch sizes of 50
Completed 50/129 (38.76%) grid points
------------------------------------------------------------
Best:  point5              fom: 6.9489e+03  (2.1x)
-a: "-1.0"
-b: "-1.0"
-c: "-1.0"
-d: "-1.0"
-e: "-1.0"
-f: "1.0"
-g: "1.0"
------------------------------------------------------------
Completed 100/129 (77.52%) grid points
------------------------------------------------------------
Best:  point5              fom: 6.9489e+03  (2.1x)
-a: "-1.0"
-b: "-1.0"
-c: "-1.0"
-d: "-1.0"
-e: "-1.0"
-f: "1.0"
-g: "1.0"
------------------------------------------------------------
Completed 129/129 (100.00%) grid points
------------------------------------------------------------
Best:  point5              fom: 6.9489e+03  (2.1x)
-a: "-1.0"
-b: "-1.0"
-c: "-1.0"
-d: "-1.0"
-e: "-1.0"
-f: "1.0"
-g: "1.0"
------------------------------------------------------------
fomFirst: 14656.5
------------------------------------------------------------
Best:  point5              fom: 6.9489e+03  (2.1x)
-a: "-1.0"
-b: "-1.0"
-c: "-1.0"
-d: "-1.0"
-e: "-1.0"
-f: "1.0"
-g: "1.0"
------------------------------------------------------------
